usage: ConvNeXt training and evaluation script [-h] [--batch_size BATCH_SIZE]
                                               [--epochs EPOCHS]
                                               [--update_freq UPDATE_FREQ]
                                               [--model MODEL]
                                               [--drop_path PCT]
                                               [--input_size INPUT_SIZE]
                                               [--layer_scale_init_value LAYER_SCALE_INIT_VALUE]
                                               [--model_ema MODEL_EMA]
                                               [--model_ema_decay MODEL_EMA_DECAY]
                                               [--model_ema_force_cpu MODEL_EMA_FORCE_CPU]
                                               [--model_ema_eval MODEL_EMA_EVAL]
                                               [--opt OPTIMIZER]
                                               [--opt_eps EPSILON]
                                               [--opt_betas BETA [BETA ...]]
                                               [--clip_grad NORM]
                                               [--momentum M]
                                               [--weight_decay WEIGHT_DECAY]
                                               [--weight_decay_end WEIGHT_DECAY_END]
                                               [--lr LR]
                                               [--layer_decay LAYER_DECAY]
                                               [--min_lr LR]
                                               [--warmup_epochs N]
                                               [--warmup_steps N]
                                               [--color_jitter PCT]
                                               [--aa NAME]
                                               [--smoothing SMOOTHING]
                                               [--train_interpolation TRAIN_INTERPOLATION]
                                               [--crop_pct CROP_PCT]
                                               [--reprob PCT]
                                               [--remode REMODE]
                                               [--recount RECOUNT]
                                               [--resplit RESPLIT]
                                               [--mixup MIXUP]
                                               [--cutmix CUTMIX]
                                               [--cutmix_minmax CUTMIX_MINMAX [CUTMIX_MINMAX ...]]
                                               [--mixup_prob MIXUP_PROB]
                                               [--mixup_switch_prob MIXUP_SWITCH_PROB]
                                               [--mixup_mode MIXUP_MODE]
                                               [--finetune FINETUNE]
                                               [--head_init_scale HEAD_INIT_SCALE]
                                               [--model_key MODEL_KEY]
                                               [--model_prefix MODEL_PREFIX]
                                               [--data_path DATA_PATH]
                                               [--eval_data_path EVAL_DATA_PATH]
                                               [--nb_classes NB_CLASSES]
                                               [--imagenet_default_mean_and_std IMAGENET_DEFAULT_MEAN_AND_STD]
                                               [--data_set {CIFAR,IMNET,image_folder}]
                                               [--output_dir OUTPUT_DIR]
                                               [--log_dir LOG_DIR]
                                               [--device DEVICE] [--seed SEED]
                                               [--resume RESUME]
                                               [--auto_resume AUTO_RESUME]
                                               [--save_ckpt SAVE_CKPT]
                                               [--save_ckpt_freq SAVE_CKPT_FREQ]
                                               [--save_ckpt_num SAVE_CKPT_NUM]
                                               [--start_epoch N] [--eval EVAL]
                                               [--dist_eval DIST_EVAL]
                                               [--disable_eval DISABLE_EVAL]
                                               [--num_workers NUM_WORKERS]
                                               [--pin_mem PIN_MEM]
                                               [--world_size WORLD_SIZE]
                                               [--local_rank LOCAL_RANK]
                                               [--dist_on_itp DIST_ON_ITP]
                                               [--dist_url DIST_URL]
                                               [--use_amp USE_AMP]
                                               [--enable_wandb ENABLE_WANDB]
                                               [--project PROJECT]
                                               [--wandb_ckpt WANDB_CKPT]
ConvNeXt training and evaluation script: error: unrecognized arguments:  
usage: ConvNeXt training and evaluation script [-h] [--batch_size BATCH_SIZE]
                                               [--epochs EPOCHS]
                                               [--update_freq UPDATE_FREQ]
                                               [--model MODEL]
                                               [--drop_path PCT]
                                               [--input_size INPUT_SIZE]
                                               [--layer_scale_init_value LAYER_SCALE_INIT_VALUE]
                                               [--model_ema MODEL_EMA]
                                               [--model_ema_decay MODEL_EMA_DECAY]
                                               [--model_ema_force_cpu MODEL_EMA_FORCE_CPU]
                                               [--model_ema_eval MODEL_EMA_EVAL]
                                               [--opt OPTIMIZER]
                                               [--opt_eps EPSILON]
                                               [--opt_betas BETA [BETA ...]]
                                               [--clip_grad NORM]
                                               [--momentum M]
                                               [--weight_decay WEIGHT_DECAY]
                                               [--weight_decay_end WEIGHT_DECAY_END]
                                               [--lr LR]
                                               [--layer_decay LAYER_DECAY]
                                               [--min_lr LR]
                                               [--warmup_epochs N]
                                               [--warmup_steps N]
                                               [--color_jitter PCT]
                                               [--aa NAME]
                                               [--smoothing SMOOTHING]
                                               [--train_interpolation TRAIN_INTERPOLATION]
                                               [--crop_pct CROP_PCT]
                                               [--reprob PCT]
                                               [--remode REMODE]
                                               [--recount RECOUNT]
                                               [--resplit RESPLIT]
                                               [--mixup MIXUP]
                                               [--cutmix CUTMIX]
                                               [--cutmix_minmax CUTMIX_MINMAX [CUTMIX_MINMAX ...]]
                                               [--mixup_prob MIXUP_PROB]
                                               [--mixup_switch_prob MIXUP_SWITCH_PROB]
                                               [--mixup_mode MIXUP_MODE]
                                               [--finetune FINETUNE]
                                               [--head_init_scale HEAD_INIT_SCALE]
                                               [--model_key MODEL_KEY]
                                               [--model_prefix MODEL_PREFIX]
                                               [--data_path DATA_PATH]
                                               [--eval_data_path EVAL_DATA_PATH]
                                               [--nb_classes NB_CLASSES]
                                               [--imagenet_default_mean_and_std IMAGENET_DEFAULT_MEAN_AND_STD]
                                               [--data_set {CIFAR,IMNET,image_folder}]
                                               [--output_dir OUTPUT_DIR]
                                               [--log_dir LOG_DIR]
                                               [--device DEVICE] [--seed SEED]
                                               [--resume RESUME]
                                               [--auto_resume AUTO_RESUME]
                                               [--save_ckpt SAVE_CKPT]
                                               [--save_ckpt_freq SAVE_CKPT_FREQ]
                                               [--save_ckpt_num SAVE_CKPT_NUM]
                                               [--start_epoch N] [--eval EVAL]
                                               [--dist_eval DIST_EVAL]
                                               [--disable_eval DISABLE_EVAL]
                                               [--num_workers NUM_WORKERS]
                                               [--pin_mem PIN_MEM]
                                               [--world_size WORLD_SIZE]
                                               [--local_rank LOCAL_RANK]
                                               [--dist_on_itp DIST_ON_ITP]
                                               [--dist_url DIST_URL]
                                               [--use_amp USE_AMP]
                                               [--enable_wandb ENABLE_WANDB]
                                               [--project PROJECT]
                                               [--wandb_ckpt WANDB_CKPT]
ConvNeXt training and evaluation script: error: unrecognized arguments:  
